Jan 25, 2021 7:38:22 PM de.gurkenlabs.litiengine.environment.tilemap.xml.TmxMap checkVersion
WARNING: Tiled version 1.4.3 of map "level1" is greater than the supported version 1.2.x. Some features may not work.
Jan 25, 2021 7:38:48 PM de.gurkenlabs.litiengine.environment.tilemap.xml.TmxMap checkVersion
WARNING: Tiled version 1.4.3 of map "level1" is greater than the supported version 1.2.x. Some features may not work.
Jan 25, 2021 7:52:53 PM de.gurkenlabs.litiengine.environment.tilemap.xml.TmxMap checkVersion
WARNING: Tiled version 1.4.3 of map "level1" is greater than the supported version 1.2.x. Some features may not work.
Jan 25, 2021 7:54:43 PM de.gurkenlabs.litiengine.environment.tilemap.xml.TmxMap checkVersion
WARNING: Tiled version 1.4.3 of map "level1" is greater than the supported version 1.2.x. Some features may not work.
Jan 25, 2021 7:54:44 PM de.gurkenlabs.litiengine.DefaultUncaughtExceptionHandler uncaughtException
SEVERE: Game crashed! :(
java.lang.ArrayIndexOutOfBoundsException: Index 6 out of bounds for length 1
	at de.gurkenlabs.litiengine.graphics.Spritesheet.getSprite(Spritesheet.java:138)
	at de.gurkenlabs.litiengine.environment.tilemap.xml.TilesetEntry.getBasicImage(TilesetEntry.java:98)
	at de.gurkenlabs.litiengine.environment.tilemap.xml.TilesetEntry.getImage(TilesetEntry.java:88)
	at de.gurkenlabs.litiengine.environment.tilemap.xml.Tile.getImage(Tile.java:110)
	at de.gurkenlabs.litiengine.environment.tilemap.MapRenderer.drawTile(MapRenderer.java:142)
	at de.gurkenlabs.litiengine.environment.tilemap.MapRenderer.drawRow(MapRenderer.java:132)
	at de.gurkenlabs.litiengine.environment.tilemap.MapRenderer.renderTileLayer(MapRenderer.java:115)
	at de.gurkenlabs.litiengine.environment.tilemap.MapRenderer.renderLayers(MapRenderer.java:86)
	at de.gurkenlabs.litiengine.environment.tilemap.MapRenderer.render(MapRenderer.java:74)
	at de.gurkenlabs.litiengine.environment.Environment.render(Environment.java:2069)
	at de.gurkenlabs.litiengine.environment.Environment.render(Environment.java:1911)
	at de.gurkenlabs.litiengine.gui.screens.GameScreen.render(GameScreen.java:25)
	at de.gurkenlabs.litiengine.graphics.RenderComponent.render(RenderComponent.java:123)
	at de.gurkenlabs.litiengine.GameLoop.process(GameLoop.java:87)
	at de.gurkenlabs.litiengine.UpdateLoop.run(UpdateLoop.java:57)

Jan 25, 2021 8:26:19 PM de.gurkenlabs.litiengine.environment.tilemap.xml.TmxMap checkVersion
WARNING: Tiled version 1.4.3 of map "spacebattlesmap" is greater than the supported version 1.2.x. Some features may not work.
Jan 25, 2021 8:26:19 PM de.gurkenlabs.litiengine.DefaultUncaughtExceptionHandler uncaughtException
SEVERE: Game crashed! :(
de.gurkenlabs.litiengine.resources.ResourceLoadException: de.gurkenlabs.litiengine.environment.tilemap.xml.TmxException: javax.xml.bind.UnmarshalException
 - with linked exception:
[java.io.FileNotFoundException: D:\projects\SpaceBattles\SpaceBattles\blue_stars.tsx (The system cannot find the file specified)]
	at de.gurkenlabs.litiengine.resources.ResourcesContainer.loadResource(ResourcesContainer.java:391)
	at java.base/java.util.concurrent.ConcurrentHashMap.computeIfAbsent(ConcurrentHashMap.java:1705)
	at de.gurkenlabs.litiengine.resources.ResourcesContainer.get(ResourcesContainer.java:273)
	at de.gurkenlabs.litiengine.resources.ResourcesContainer.get(ResourcesContainer.java:278)
	at de.gurkenlabs.litiengine.resources.ResourcesContainer.get(ResourcesContainer.java:211)
	at de.gurkenlabs.litiengine.environment.tilemap.xml.Tileset.finish(Tileset.java:313)
	at de.gurkenlabs.litiengine.environment.tilemap.xml.TmxMap.finish(TmxMap.java:307)
	at de.gurkenlabs.litiengine.resources.ResourceBundle.load(ResourceBundle.java:103)
	at de.gurkenlabs.litiengine.resources.Resources.load(Resources.java:173)
	at de.gurkenlabs.litiengine.resources.Resources.load(Resources.java:160)
	at com.SpaceBattles.Program.main(Program.java:38)
Caused by: de.gurkenlabs.litiengine.environment.tilemap.xml.TmxException: javax.xml.bind.UnmarshalException
 - with linked exception:
[java.io.FileNotFoundException: D:\projects\SpaceBattles\SpaceBattles\blue_stars.tsx (The system cannot find the file specified)]
	at de.gurkenlabs.litiengine.resources.Tilesets.load(Tilesets.java:25)
	at de.gurkenlabs.litiengine.resources.Tilesets.load(Tilesets.java:13)
	at de.gurkenlabs.litiengine.resources.ResourcesContainer.loadResource(ResourcesContainer.java:389)
	... 10 more
Caused by: javax.xml.bind.UnmarshalException
 - with linked exception:
[java.io.FileNotFoundException: D:\projects\SpaceBattles\SpaceBattles\blue_stars.tsx (The system cannot find the file specified)]
	at com.sun.xml.bind.v2.runtime.unmarshaller.UnmarshallerImpl.unmarshal0(UnmarshallerImpl.java:231)
	at com.sun.xml.bind.v2.runtime.unmarshaller.UnmarshallerImpl.unmarshal(UnmarshallerImpl.java:199)
	at javax.xml.bind.helpers.AbstractUnmarshallerImpl.unmarshal(AbstractUnmarshallerImpl.java:170)
	at javax.xml.bind.helpers.AbstractUnmarshallerImpl.unmarshal(AbstractUnmarshallerImpl.java:175)
	at javax.xml.bind.helpers.AbstractUnmarshallerImpl.unmarshal(AbstractUnmarshallerImpl.java:184)
	at de.gurkenlabs.litiengine.util.io.XmlUtilities.read(XmlUtilities.java:98)
	at de.gurkenlabs.litiengine.resources.Tilesets.load(Tilesets.java:21)
	... 12 more
Caused by: java.io.FileNotFoundException: D:\projects\SpaceBattles\SpaceBattles\blue_stars.tsx (The system cannot find the file specified)
	at java.base/java.io.FileInputStream.open0(Native Method)
	at java.base/java.io.FileInputStream.open(FileInputStream.java:219)
	at java.base/java.io.FileInputStream.<init>(FileInputStream.java:157)
	at java.base/java.io.FileInputStream.<init>(FileInputStream.java:112)
	at java.base/sun.net.www.protocol.file.FileURLConnection.connect(FileURLConnection.java:86)
	at java.base/sun.net.www.protocol.file.FileURLConnection.getInputStream(FileURLConnection.java:184)
	at java.xml/com.sun.org.apache.xerces.internal.impl.XMLEntityManager.setupCurrentEntity(XMLEntityManager.java:652)
	at java.xml/com.sun.org.apache.xerces.internal.impl.XMLVersionDetector.determineDocVersion(XMLVersionDetector.java:150)
	at java.xml/com.sun.org.apache.xerces.internal.parsers.XML11Configuration.parse(XML11Configuration.java:860)
	at java.xml/com.sun.org.apache.xerces.internal.parsers.XML11Configuration.parse(XML11Configuration.java:824)
	at java.xml/com.sun.org.apache.xerces.internal.parsers.XMLParser.parse(XMLParser.java:141)
	at java.xml/com.sun.org.apache.xerces.internal.parsers.AbstractSAXParser.parse(AbstractSAXParser.java:1216)
	at java.xml/com.sun.org.apache.xerces.internal.jaxp.SAXParserImpl$JAXPSAXParser.parse(SAXParserImpl.java:635)
	at com.sun.xml.bind.v2.runtime.unmarshaller.UnmarshallerImpl.unmarshal0(UnmarshallerImpl.java:228)
	... 18 more

Jan 25, 2021 8:28:51 PM de.gurkenlabs.litiengine.environment.tilemap.xml.TmxMap checkVersion
WARNING: Tiled version 1.4.3 of map "spacebattlesmap" is greater than the supported version 1.2.x. Some features may not work.
Jan 25, 2021 8:28:51 PM de.gurkenlabs.litiengine.DefaultUncaughtExceptionHandler uncaughtException
SEVERE: Game crashed! :(
de.gurkenlabs.litiengine.resources.ResourceLoadException: de.gurkenlabs.litiengine.environment.tilemap.xml.TmxException: javax.xml.bind.UnmarshalException
 - with linked exception:
[java.io.FileNotFoundException: D:\projects\SpaceBattles\SpaceBattles\blue_stars.tsx (The system cannot find the file specified)]
	at de.gurkenlabs.litiengine.resources.ResourcesContainer.loadResource(ResourcesContainer.java:391)
	at java.base/java.util.concurrent.ConcurrentHashMap.computeIfAbsent(ConcurrentHashMap.java:1705)
	at de.gurkenlabs.litiengine.resources.ResourcesContainer.get(ResourcesContainer.java:273)
	at de.gurkenlabs.litiengine.resources.ResourcesContainer.get(ResourcesContainer.java:278)
	at de.gurkenlabs.litiengine.resources.ResourcesContainer.get(ResourcesContainer.java:211)
	at de.gurkenlabs.litiengine.environment.tilemap.xml.Tileset.finish(Tileset.java:313)
	at de.gurkenlabs.litiengine.environment.tilemap.xml.TmxMap.finish(TmxMap.java:307)
	at de.gurkenlabs.litiengine.resources.ResourceBundle.load(ResourceBundle.java:103)
	at de.gurkenlabs.litiengine.resources.Resources.load(Resources.java:173)
	at de.gurkenlabs.litiengine.resources.Resources.load(Resources.java:160)
	at com.SpaceBattles.Program.main(Program.java:38)
Caused by: de.gurkenlabs.litiengine.environment.tilemap.xml.TmxException: javax.xml.bind.UnmarshalException
 - with linked exception:
[java.io.FileNotFoundException: D:\projects\SpaceBattles\SpaceBattles\blue_stars.tsx (The system cannot find the file specified)]
	at de.gurkenlabs.litiengine.resources.Tilesets.load(Tilesets.java:25)
	at de.gurkenlabs.litiengine.resources.Tilesets.load(Tilesets.java:13)
	at de.gurkenlabs.litiengine.resources.ResourcesContainer.loadResource(ResourcesContainer.java:389)
	... 10 more
Caused by: javax.xml.bind.UnmarshalException
 - with linked exception:
[java.io.FileNotFoundException: D:\projects\SpaceBattles\SpaceBattles\blue_stars.tsx (The system cannot find the file specified)]
	at com.sun.xml.bind.v2.runtime.unmarshaller.UnmarshallerImpl.unmarshal0(UnmarshallerImpl.java:231)
	at com.sun.xml.bind.v2.runtime.unmarshaller.UnmarshallerImpl.unmarshal(UnmarshallerImpl.java:199)
	at javax.xml.bind.helpers.AbstractUnmarshallerImpl.unmarshal(AbstractUnmarshallerImpl.java:170)
	at javax.xml.bind.helpers.AbstractUnmarshallerImpl.unmarshal(AbstractUnmarshallerImpl.java:175)
	at javax.xml.bind.helpers.AbstractUnmarshallerImpl.unmarshal(AbstractUnmarshallerImpl.java:184)
	at de.gurkenlabs.litiengine.util.io.XmlUtilities.read(XmlUtilities.java:98)
	at de.gurkenlabs.litiengine.resources.Tilesets.load(Tilesets.java:21)
	... 12 more
Caused by: java.io.FileNotFoundException: D:\projects\SpaceBattles\SpaceBattles\blue_stars.tsx (The system cannot find the file specified)
	at java.base/java.io.FileInputStream.open0(Native Method)
	at java.base/java.io.FileInputStream.open(FileInputStream.java:219)
	at java.base/java.io.FileInputStream.<init>(FileInputStream.java:157)
	at java.base/java.io.FileInputStream.<init>(FileInputStream.java:112)
	at java.base/sun.net.www.protocol.file.FileURLConnection.connect(FileURLConnection.java:86)
	at java.base/sun.net.www.protocol.file.FileURLConnection.getInputStream(FileURLConnection.java:184)
	at java.xml/com.sun.org.apache.xerces.internal.impl.XMLEntityManager.setupCurrentEntity(XMLEntityManager.java:652)
	at java.xml/com.sun.org.apache.xerces.internal.impl.XMLVersionDetector.determineDocVersion(XMLVersionDetector.java:150)
	at java.xml/com.sun.org.apache.xerces.internal.parsers.XML11Configuration.parse(XML11Configuration.java:860)
	at java.xml/com.sun.org.apache.xerces.internal.parsers.XML11Configuration.parse(XML11Configuration.java:824)
	at java.xml/com.sun.org.apache.xerces.internal.parsers.XMLParser.parse(XMLParser.java:141)
	at java.xml/com.sun.org.apache.xerces.internal.parsers.AbstractSAXParser.parse(AbstractSAXParser.java:1216)
	at java.xml/com.sun.org.apache.xerces.internal.jaxp.SAXParserImpl$JAXPSAXParser.parse(SAXParserImpl.java:635)
	at com.sun.xml.bind.v2.runtime.unmarshaller.UnmarshallerImpl.unmarshal0(UnmarshallerImpl.java:228)
	... 18 more

Jan 25, 2021 8:42:37 PM de.gurkenlabs.litiengine.environment.tilemap.xml.TmxMap checkVersion
WARNING: Tiled version 1.4.3 of map "spacebattlesmap" is greater than the supported version 1.2.x. Some features may not work.
Jan 25, 2021 8:42:37 PM de.gurkenlabs.litiengine.environment.tilemap.xml.TmxMap checkVersion
WARNING: Tiled version 1.4.3 of map "spacebattlesmap" is greater than the supported version 1.2.x. Some features may not work.
Jan 25, 2021 8:42:37 PM de.gurkenlabs.litiengine.DefaultUncaughtExceptionHandler uncaughtException
SEVERE: Game crashed! :(
de.gurkenlabs.litiengine.resources.ResourceLoadException: de.gurkenlabs.litiengine.environment.tilemap.xml.TmxException: javax.xml.bind.UnmarshalException
 - with linked exception:
[java.io.FileNotFoundException: D:\projects\SpaceBattles\SpaceBattles\blue_stars.tsx (The system cannot find the file specified)]
	at de.gurkenlabs.litiengine.resources.ResourcesContainer.loadResource(ResourcesContainer.java:391)
	at java.base/java.util.concurrent.ConcurrentHashMap.computeIfAbsent(ConcurrentHashMap.java:1705)
	at de.gurkenlabs.litiengine.resources.ResourcesContainer.get(ResourcesContainer.java:273)
	at de.gurkenlabs.litiengine.resources.ResourcesContainer.get(ResourcesContainer.java:278)
	at de.gurkenlabs.litiengine.resources.ResourcesContainer.get(ResourcesContainer.java:211)
	at de.gurkenlabs.litiengine.environment.tilemap.xml.Tileset.finish(Tileset.java:313)
	at de.gurkenlabs.litiengine.environment.tilemap.xml.TmxMap.finish(TmxMap.java:307)
	at de.gurkenlabs.litiengine.resources.ResourceBundle.load(ResourceBundle.java:103)
	at de.gurkenlabs.litiengine.resources.Resources.load(Resources.java:173)
	at de.gurkenlabs.litiengine.resources.Resources.load(Resources.java:160)
	at com.SpaceBattles.Program.main(Program.java:38)
Caused by: de.gurkenlabs.litiengine.environment.tilemap.xml.TmxException: javax.xml.bind.UnmarshalException
 - with linked exception:
[java.io.FileNotFoundException: D:\projects\SpaceBattles\SpaceBattles\blue_stars.tsx (The system cannot find the file specified)]
	at de.gurkenlabs.litiengine.resources.Tilesets.load(Tilesets.java:25)
	at de.gurkenlabs.litiengine.resources.Tilesets.load(Tilesets.java:13)
	at de.gurkenlabs.litiengine.resources.ResourcesContainer.loadResource(ResourcesContainer.java:389)
	... 10 more
Caused by: javax.xml.bind.UnmarshalException
 - with linked exception:
[java.io.FileNotFoundException: D:\projects\SpaceBattles\SpaceBattles\blue_stars.tsx (The system cannot find the file specified)]
	at com.sun.xml.bind.v2.runtime.unmarshaller.UnmarshallerImpl.unmarshal0(UnmarshallerImpl.java:231)
	at com.sun.xml.bind.v2.runtime.unmarshaller.UnmarshallerImpl.unmarshal(UnmarshallerImpl.java:199)
	at javax.xml.bind.helpers.AbstractUnmarshallerImpl.unmarshal(AbstractUnmarshallerImpl.java:170)
	at javax.xml.bind.helpers.AbstractUnmarshallerImpl.unmarshal(AbstractUnmarshallerImpl.java:175)
	at javax.xml.bind.helpers.AbstractUnmarshallerImpl.unmarshal(AbstractUnmarshallerImpl.java:184)
	at de.gurkenlabs.litiengine.util.io.XmlUtilities.read(XmlUtilities.java:98)
	at de.gurkenlabs.litiengine.resources.Tilesets.load(Tilesets.java:21)
	... 12 more
Caused by: java.io.FileNotFoundException: D:\projects\SpaceBattles\SpaceBattles\blue_stars.tsx (The system cannot find the file specified)
	at java.base/java.io.FileInputStream.open0(Native Method)
	at java.base/java.io.FileInputStream.open(FileInputStream.java:219)
	at java.base/java.io.FileInputStream.<init>(FileInputStream.java:157)
	at java.base/java.io.FileInputStream.<init>(FileInputStream.java:112)
	at java.base/sun.net.www.protocol.file.FileURLConnection.connect(FileURLConnection.java:86)
	at java.base/sun.net.www.protocol.file.FileURLConnection.getInputStream(FileURLConnection.java:184)
	at java.xml/com.sun.org.apache.xerces.internal.impl.XMLEntityManager.setupCurrentEntity(XMLEntityManager.java:652)
	at java.xml/com.sun.org.apache.xerces.internal.impl.XMLVersionDetector.determineDocVersion(XMLVersionDetector.java:150)
	at java.xml/com.sun.org.apache.xerces.internal.parsers.XML11Configuration.parse(XML11Configuration.java:860)
	at java.xml/com.sun.org.apache.xerces.internal.parsers.XML11Configuration.parse(XML11Configuration.java:824)
	at java.xml/com.sun.org.apache.xerces.internal.parsers.XMLParser.parse(XMLParser.java:141)
	at java.xml/com.sun.org.apache.xerces.internal.parsers.AbstractSAXParser.parse(AbstractSAXParser.java:1216)
	at java.xml/com.sun.org.apache.xerces.internal.jaxp.SAXParserImpl$JAXPSAXParser.parse(SAXParserImpl.java:635)
	at com.sun.xml.bind.v2.runtime.unmarshaller.UnmarshallerImpl.unmarshal0(UnmarshallerImpl.java:228)
	... 18 more

Jan 25, 2021 8:51:24 PM de.gurkenlabs.litiengine.environment.tilemap.xml.TmxMap checkVersion
WARNING: Tiled version 1.4.3 of map "spacebattlesmap" is greater than the supported version 1.2.x. Some features may not work.
Jan 25, 2021 8:51:24 PM de.gurkenlabs.litiengine.environment.tilemap.xml.TmxMap checkVersion
WARNING: Tiled version 1.4.3 of map "spacebattlesmap" is greater than the supported version 1.2.x. Some features may not work.
Jan 25, 2021 8:51:24 PM de.gurkenlabs.litiengine.DefaultUncaughtExceptionHandler uncaughtException
SEVERE: Game crashed! :(
de.gurkenlabs.litiengine.resources.ResourceLoadException: de.gurkenlabs.litiengine.environment.tilemap.xml.TmxException: javax.xml.bind.UnmarshalException
 - with linked exception:
[java.io.FileNotFoundException: D:\projects\SpaceBattles\SpaceBattles\blue_stars.tsx (The system cannot find the file specified)]
	at de.gurkenlabs.litiengine.resources.ResourcesContainer.loadResource(ResourcesContainer.java:391)
	at java.base/java.util.concurrent.ConcurrentHashMap.computeIfAbsent(ConcurrentHashMap.java:1705)
	at de.gurkenlabs.litiengine.resources.ResourcesContainer.get(ResourcesContainer.java:273)
	at de.gurkenlabs.litiengine.resources.ResourcesContainer.get(ResourcesContainer.java:278)
	at de.gurkenlabs.litiengine.resources.ResourcesContainer.get(ResourcesContainer.java:211)
	at de.gurkenlabs.litiengine.environment.tilemap.xml.Tileset.finish(Tileset.java:313)
	at de.gurkenlabs.litiengine.environment.tilemap.xml.TmxMap.finish(TmxMap.java:307)
	at de.gurkenlabs.litiengine.resources.ResourceBundle.load(ResourceBundle.java:103)
	at de.gurkenlabs.litiengine.resources.Resources.load(Resources.java:173)
	at de.gurkenlabs.litiengine.resources.Resources.load(Resources.java:160)
	at com.SpaceBattles.Program.main(Program.java:38)
Caused by: de.gurkenlabs.litiengine.environment.tilemap.xml.TmxException: javax.xml.bind.UnmarshalException
 - with linked exception:
[java.io.FileNotFoundException: D:\projects\SpaceBattles\SpaceBattles\blue_stars.tsx (The system cannot find the file specified)]
	at de.gurkenlabs.litiengine.resources.Tilesets.load(Tilesets.java:25)
	at de.gurkenlabs.litiengine.resources.Tilesets.load(Tilesets.java:13)
	at de.gurkenlabs.litiengine.resources.ResourcesContainer.loadResource(ResourcesContainer.java:389)
	... 10 more
Caused by: javax.xml.bind.UnmarshalException
 - with linked exception:
[java.io.FileNotFoundException: D:\projects\SpaceBattles\SpaceBattles\blue_stars.tsx (The system cannot find the file specified)]
	at com.sun.xml.bind.v2.runtime.unmarshaller.UnmarshallerImpl.unmarshal0(UnmarshallerImpl.java:231)
	at com.sun.xml.bind.v2.runtime.unmarshaller.UnmarshallerImpl.unmarshal(UnmarshallerImpl.java:199)
	at javax.xml.bind.helpers.AbstractUnmarshallerImpl.unmarshal(AbstractUnmarshallerImpl.java:170)
	at javax.xml.bind.helpers.AbstractUnmarshallerImpl.unmarshal(AbstractUnmarshallerImpl.java:175)
	at javax.xml.bind.helpers.AbstractUnmarshallerImpl.unmarshal(AbstractUnmarshallerImpl.java:184)
	at de.gurkenlabs.litiengine.util.io.XmlUtilities.read(XmlUtilities.java:98)
	at de.gurkenlabs.litiengine.resources.Tilesets.load(Tilesets.java:21)
	... 12 more
Caused by: java.io.FileNotFoundException: D:\projects\SpaceBattles\SpaceBattles\blue_stars.tsx (The system cannot find the file specified)
	at java.base/java.io.FileInputStream.open0(Native Method)
	at java.base/java.io.FileInputStream.open(FileInputStream.java:219)
	at java.base/java.io.FileInputStream.<init>(FileInputStream.java:157)
	at java.base/java.io.FileInputStream.<init>(FileInputStream.java:112)
	at java.base/sun.net.www.protocol.file.FileURLConnection.connect(FileURLConnection.java:86)
	at java.base/sun.net.www.protocol.file.FileURLConnection.getInputStream(FileURLConnection.java:184)
	at java.xml/com.sun.org.apache.xerces.internal.impl.XMLEntityManager.setupCurrentEntity(XMLEntityManager.java:652)
	at java.xml/com.sun.org.apache.xerces.internal.impl.XMLVersionDetector.determineDocVersion(XMLVersionDetector.java:150)
	at java.xml/com.sun.org.apache.xerces.internal.parsers.XML11Configuration.parse(XML11Configuration.java:860)
	at java.xml/com.sun.org.apache.xerces.internal.parsers.XML11Configuration.parse(XML11Configuration.java:824)
	at java.xml/com.sun.org.apache.xerces.internal.parsers.XMLParser.parse(XMLParser.java:141)
	at java.xml/com.sun.org.apache.xerces.internal.parsers.AbstractSAXParser.parse(AbstractSAXParser.java:1216)
	at java.xml/com.sun.org.apache.xerces.internal.jaxp.SAXParserImpl$JAXPSAXParser.parse(SAXParserImpl.java:635)
	at com.sun.xml.bind.v2.runtime.unmarshaller.UnmarshallerImpl.unmarshal0(UnmarshallerImpl.java:228)
	... 18 more

Jan 25, 2021 8:55:47 PM de.gurkenlabs.litiengine.environment.tilemap.xml.TmxMap checkVersion
WARNING: Tiled version 1.4.3 of map "spacebattlesmap" is greater than the supported version 1.2.x. Some features may not work.
Jan 25, 2021 8:55:47 PM de.gurkenlabs.litiengine.environment.tilemap.xml.TmxMap checkVersion
WARNING: Tiled version 1.4.3 of map "spacebattlesmap" is greater than the supported version 1.2.x. Some features may not work.
Jan 25, 2021 8:55:47 PM de.gurkenlabs.litiengine.DefaultUncaughtExceptionHandler uncaughtException
SEVERE: Game crashed! :(
de.gurkenlabs.litiengine.resources.ResourceLoadException: de.gurkenlabs.litiengine.environment.tilemap.xml.TmxException
	at de.gurkenlabs.litiengine.resources.ResourcesContainer.loadResource(ResourcesContainer.java:391)
	at java.base/java.util.concurrent.ConcurrentHashMap.computeIfAbsent(ConcurrentHashMap.java:1705)
	at de.gurkenlabs.litiengine.resources.ResourcesContainer.get(ResourcesContainer.java:273)
	at de.gurkenlabs.litiengine.resources.ResourcesContainer.get(ResourcesContainer.java:207)
	at de.gurkenlabs.litiengine.environment.GameWorld.getEnvironment(GameWorld.java:315)
	at de.gurkenlabs.litiengine.environment.GameWorld.loadEnvironment(GameWorld.java:420)
	at com.SpaceBattles.Program.main(Program.java:44)
Caused by: de.gurkenlabs.litiengine.environment.tilemap.xml.TmxException
	at de.gurkenlabs.litiengine.resources.Maps.load(Maps.java:112)
	at de.gurkenlabs.litiengine.resources.Maps.load(Maps.java:32)
	at de.gurkenlabs.litiengine.resources.ResourcesContainer.loadResource(ResourcesContainer.java:389)
	... 6 more
Caused by: javax.xml.bind.UnmarshalException
 - with linked exception:
[java.io.FileNotFoundException: D:\projects\SpaceBattles\SpaceBattles\level1 (The system cannot find the file specified)]
	at com.sun.xml.bind.v2.runtime.unmarshaller.UnmarshallerImpl.unmarshal0(UnmarshallerImpl.java:231)
	at com.sun.xml.bind.v2.runtime.unmarshaller.UnmarshallerImpl.unmarshal(UnmarshallerImpl.java:199)
	at javax.xml.bind.helpers.AbstractUnmarshallerImpl.unmarshal(AbstractUnmarshallerImpl.java:170)
	at javax.xml.bind.helpers.AbstractUnmarshallerImpl.unmarshal(AbstractUnmarshallerImpl.java:175)
	at javax.xml.bind.helpers.AbstractUnmarshallerImpl.unmarshal(AbstractUnmarshallerImpl.java:184)
	at de.gurkenlabs.litiengine.util.io.XmlUtilities.read(XmlUtilities.java:98)
	at de.gurkenlabs.litiengine.resources.Maps.load(Maps.java:110)
	... 8 more
Caused by: java.io.FileNotFoundException: D:\projects\SpaceBattles\SpaceBattles\level1 (The system cannot find the file specified)
	at java.base/java.io.FileInputStream.open0(Native Method)
	at java.base/java.io.FileInputStream.open(FileInputStream.java:219)
	at java.base/java.io.FileInputStream.<init>(FileInputStream.java:157)
	at java.base/java.io.FileInputStream.<init>(FileInputStream.java:112)
	at java.base/sun.net.www.protocol.file.FileURLConnection.connect(FileURLConnection.java:86)
	at java.base/sun.net.www.protocol.file.FileURLConnection.getInputStream(FileURLConnection.java:184)
	at java.xml/com.sun.org.apache.xerces.internal.impl.XMLEntityManager.setupCurrentEntity(XMLEntityManager.java:652)
	at java.xml/com.sun.org.apache.xerces.internal.impl.XMLVersionDetector.determineDocVersion(XMLVersionDetector.java:150)
	at java.xml/com.sun.org.apache.xerces.internal.parsers.XML11Configuration.parse(XML11Configuration.java:860)
	at java.xml/com.sun.org.apache.xerces.internal.parsers.XML11Configuration.parse(XML11Configuration.java:824)
	at java.xml/com.sun.org.apache.xerces.internal.parsers.XMLParser.parse(XMLParser.java:141)
	at java.xml/com.sun.org.apache.xerces.internal.parsers.AbstractSAXParser.parse(AbstractSAXParser.java:1216)
	at java.xml/com.sun.org.apache.xerces.internal.jaxp.SAXParserImpl$JAXPSAXParser.parse(SAXParserImpl.java:635)
	at com.sun.xml.bind.v2.runtime.unmarshaller.UnmarshallerImpl.unmarshal0(UnmarshallerImpl.java:228)
	... 14 more

Jan 25, 2021 8:56:21 PM de.gurkenlabs.litiengine.environment.tilemap.xml.TmxMap checkVersion
WARNING: Tiled version 1.4.3 of map "spacebattlesmap" is greater than the supported version 1.2.x. Some features may not work.
Jan 25, 2021 8:56:21 PM de.gurkenlabs.litiengine.environment.tilemap.xml.TmxMap checkVersion
WARNING: Tiled version 1.4.3 of map "spacebattlesmap" is greater than the supported version 1.2.x. Some features may not work.
Jan 25, 2021 8:56:31 PM de.gurkenlabs.litiengine.environment.tilemap.xml.TmxMap checkVersion
WARNING: Tiled version 1.4.3 of map "spacebattlesmap" is greater than the supported version 1.2.x. Some features may not work.
Jan 25, 2021 8:56:31 PM de.gurkenlabs.litiengine.environment.tilemap.xml.TmxMap checkVersion
WARNING: Tiled version 1.4.3 of map "spacebattlesmap" is greater than the supported version 1.2.x. Some features may not work.
Jan 25, 2021 8:56:58 PM de.gurkenlabs.litiengine.environment.tilemap.xml.TmxMap checkVersion
WARNING: Tiled version 1.4.3 of map "spacebattlesmap" is greater than the supported version 1.2.x. Some features may not work.
Jan 25, 2021 8:56:58 PM de.gurkenlabs.litiengine.environment.tilemap.xml.TmxMap checkVersion
WARNING: Tiled version 1.4.3 of map "spacebattlesmap" is greater than the supported version 1.2.x. Some features may not work.
Jan 25, 2021 8:56:58 PM de.gurkenlabs.litiengine.DefaultUncaughtExceptionHandler uncaughtException
SEVERE: Game crashed! :(
de.gurkenlabs.litiengine.resources.ResourceLoadException: de.gurkenlabs.litiengine.environment.tilemap.xml.TmxException: javax.xml.bind.UnmarshalException
 - with linked exception:
[java.io.FileNotFoundException: D:\projects\SpaceBattles\SpaceBattles\blue_stars.tsx (The system cannot find the file specified)]
	at de.gurkenlabs.litiengine.resources.ResourcesContainer.loadResource(ResourcesContainer.java:391)
	at java.base/java.util.concurrent.ConcurrentHashMap.computeIfAbsent(ConcurrentHashMap.java:1705)
	at de.gurkenlabs.litiengine.resources.ResourcesContainer.get(ResourcesContainer.java:273)
	at de.gurkenlabs.litiengine.resources.ResourcesContainer.get(ResourcesContainer.java:278)
	at de.gurkenlabs.litiengine.resources.ResourcesContainer.get(ResourcesContainer.java:211)
	at de.gurkenlabs.litiengine.environment.tilemap.xml.Tileset.finish(Tileset.java:313)
	at de.gurkenlabs.litiengine.environment.tilemap.xml.TmxMap.finish(TmxMap.java:307)
	at de.gurkenlabs.litiengine.resources.ResourceBundle.load(ResourceBundle.java:103)
	at de.gurkenlabs.litiengine.resources.Resources.load(Resources.java:173)
	at de.gurkenlabs.litiengine.resources.Resources.load(Resources.java:160)
	at com.SpaceBattles.Program.main(Program.java:38)
Caused by: de.gurkenlabs.litiengine.environment.tilemap.xml.TmxException: javax.xml.bind.UnmarshalException
 - with linked exception:
[java.io.FileNotFoundException: D:\projects\SpaceBattles\SpaceBattles\blue_stars.tsx (The system cannot find the file specified)]
	at de.gurkenlabs.litiengine.resources.Tilesets.load(Tilesets.java:25)
	at de.gurkenlabs.litiengine.resources.Tilesets.load(Tilesets.java:13)
	at de.gurkenlabs.litiengine.resources.ResourcesContainer.loadResource(ResourcesContainer.java:389)
	... 10 more
Caused by: javax.xml.bind.UnmarshalException
 - with linked exception:
[java.io.FileNotFoundException: D:\projects\SpaceBattles\SpaceBattles\blue_stars.tsx (The system cannot find the file specified)]
	at com.sun.xml.bind.v2.runtime.unmarshaller.UnmarshallerImpl.unmarshal0(UnmarshallerImpl.java:231)
	at com.sun.xml.bind.v2.runtime.unmarshaller.UnmarshallerImpl.unmarshal(UnmarshallerImpl.java:199)
	at javax.xml.bind.helpers.AbstractUnmarshallerImpl.unmarshal(AbstractUnmarshallerImpl.java:170)
	at javax.xml.bind.helpers.AbstractUnmarshallerImpl.unmarshal(AbstractUnmarshallerImpl.java:175)
	at javax.xml.bind.helpers.AbstractUnmarshallerImpl.unmarshal(AbstractUnmarshallerImpl.java:184)
	at de.gurkenlabs.litiengine.util.io.XmlUtilities.read(XmlUtilities.java:98)
	at de.gurkenlabs.litiengine.resources.Tilesets.load(Tilesets.java:21)
	... 12 more
Caused by: java.io.FileNotFoundException: D:\projects\SpaceBattles\SpaceBattles\blue_stars.tsx (The system cannot find the file specified)
	at java.base/java.io.FileInputStream.open0(Native Method)
	at java.base/java.io.FileInputStream.open(FileInputStream.java:219)
	at java.base/java.io.FileInputStream.<init>(FileInputStream.java:157)
	at java.base/java.io.FileInputStream.<init>(FileInputStream.java:112)
	at java.base/sun.net.www.protocol.file.FileURLConnection.connect(FileURLConnection.java:86)
	at java.base/sun.net.www.protocol.file.FileURLConnection.getInputStream(FileURLConnection.java:184)
	at java.xml/com.sun.org.apache.xerces.internal.impl.XMLEntityManager.setupCurrentEntity(XMLEntityManager.java:652)
	at java.xml/com.sun.org.apache.xerces.internal.impl.XMLVersionDetector.determineDocVersion(XMLVersionDetector.java:150)
	at java.xml/com.sun.org.apache.xerces.internal.parsers.XML11Configuration.parse(XML11Configuration.java:860)
	at java.xml/com.sun.org.apache.xerces.internal.parsers.XML11Configuration.parse(XML11Configuration.java:824)
	at java.xml/com.sun.org.apache.xerces.internal.parsers.XMLParser.parse(XMLParser.java:141)
	at java.xml/com.sun.org.apache.xerces.internal.parsers.AbstractSAXParser.parse(AbstractSAXParser.java:1216)
	at java.xml/com.sun.org.apache.xerces.internal.jaxp.SAXParserImpl$JAXPSAXParser.parse(SAXParserImpl.java:635)
	at com.sun.xml.bind.v2.runtime.unmarshaller.UnmarshallerImpl.unmarshal0(UnmarshallerImpl.java:228)
	... 18 more

Jan 25, 2021 8:57:10 PM de.gurkenlabs.litiengine.environment.tilemap.xml.TmxMap checkVersion
WARNING: Tiled version 1.4.3 of map "spacebattlesmap" is greater than the supported version 1.2.x. Some features may not work.
Jan 25, 2021 8:57:10 PM de.gurkenlabs.litiengine.environment.tilemap.xml.TmxMap checkVersion
WARNING: Tiled version 1.4.3 of map "spacebattlesmap" is greater than the supported version 1.2.x. Some features may not work.
Jan 25, 2021 8:59:45 PM de.gurkenlabs.litiengine.environment.tilemap.xml.TmxMap checkVersion
WARNING: Tiled version 1.4.3 of map "spacebattlesmap" is greater than the supported version 1.2.x. Some features may not work.
Jan 25, 2021 8:59:45 PM de.gurkenlabs.litiengine.environment.tilemap.xml.TmxMap checkVersion
WARNING: Tiled version 1.4.3 of map "spacebattlesmap" is greater than the supported version 1.2.x. Some features may not work.
Jan 25, 2021 9:01:21 PM de.gurkenlabs.litiengine.environment.tilemap.xml.TmxMap checkVersion
WARNING: Tiled version 1.4.3 of map "spacebattlesmap" is greater than the supported version 1.2.x. Some features may not work.
Jan 25, 2021 9:01:21 PM de.gurkenlabs.litiengine.environment.tilemap.xml.TmxMap checkVersion
WARNING: Tiled version 1.4.3 of map "spacebattlesmap" is greater than the supported version 1.2.x. Some features may not work.
Jan 31, 2021 3:05:24 PM de.gurkenlabs.litiengine.environment.tilemap.xml.TmxMap checkVersion
WARNING: Tiled version 1.4.3 of map "spacebattlesmap" is greater than the supported version 1.2.x. Some features may not work.
Jan 31, 2021 3:05:24 PM de.gurkenlabs.litiengine.environment.tilemap.xml.TmxMap checkVersion
WARNING: Tiled version 1.4.3 of map "spacebattlesmap" is greater than the supported version 1.2.x. Some features may not work.
Jan 31, 2021 3:15:18 PM de.gurkenlabs.litiengine.environment.tilemap.xml.TmxMap checkVersion
WARNING: Tiled version 1.4.3 of map "spacebattlesmap" is greater than the supported version 1.2.x. Some features may not work.
Jan 31, 2021 3:15:18 PM de.gurkenlabs.litiengine.environment.tilemap.xml.TmxMap checkVersion
WARNING: Tiled version 1.4.3 of map "spacebattlesmap" is greater than the supported version 1.2.x. Some features may not work.
Jan 31, 2021 3:21:52 PM de.gurkenlabs.litiengine.environment.tilemap.xml.TmxMap checkVersion
WARNING: Tiled version 1.4.3 of map "spacebattlesmap" is greater than the supported version 1.2.x. Some features may not work.
Jan 31, 2021 3:21:52 PM de.gurkenlabs.litiengine.environment.tilemap.xml.TmxMap checkVersion
WARNING: Tiled version 1.4.3 of map "spacebattlesmap" is greater than the supported version 1.2.x. Some features may not work.
Jan 31, 2021 3:23:37 PM de.gurkenlabs.litiengine.environment.tilemap.xml.TmxMap checkVersion
WARNING: Tiled version 1.4.3 of map "spacebattlesmap" is greater than the supported version 1.2.x. Some features may not work.
Jan 31, 2021 3:23:37 PM de.gurkenlabs.litiengine.environment.tilemap.xml.TmxMap checkVersion
WARNING: Tiled version 1.4.3 of map "spacebattlesmap" is greater than the supported version 1.2.x. Some features may not work.
Jan 31, 2021 3:25:48 PM de.gurkenlabs.litiengine.environment.tilemap.xml.TmxMap checkVersion
WARNING: Tiled version 1.4.3 of map "spacebattlesmap" is greater than the supported version 1.2.x. Some features may not work.
Jan 31, 2021 3:25:48 PM de.gurkenlabs.litiengine.environment.tilemap.xml.TmxMap checkVersion
WARNING: Tiled version 1.4.3 of map "spacebattlesmap" is greater than the supported version 1.2.x. Some features may not work.
Jan 31, 2021 3:26:33 PM de.gurkenlabs.litiengine.environment.tilemap.xml.TmxMap checkVersion
WARNING: Tiled version 1.4.3 of map "spacebattlesmap" is greater than the supported version 1.2.x. Some features may not work.
Jan 31, 2021 3:26:33 PM de.gurkenlabs.litiengine.environment.tilemap.xml.TmxMap checkVersion
WARNING: Tiled version 1.4.3 of map "spacebattlesmap" is greater than the supported version 1.2.x. Some features may not work.
Jan 31, 2021 3:33:18 PM de.gurkenlabs.litiengine.environment.tilemap.xml.TmxMap checkVersion
WARNING: Tiled version 1.4.3 of map "spacebattlesmap" is greater than the supported version 1.2.x. Some features may not work.
Jan 31, 2021 3:33:18 PM de.gurkenlabs.litiengine.environment.tilemap.xml.TmxMap checkVersion
WARNING: Tiled version 1.4.3 of map "spacebattlesmap" is greater than the supported version 1.2.x. Some features may not work.
Jan 31, 2021 3:36:04 PM de.gurkenlabs.litiengine.environment.tilemap.xml.TmxMap checkVersion
WARNING: Tiled version 1.4.3 of map "spacebattlesmap" is greater than the supported version 1.2.x. Some features may not work.
Jan 31, 2021 3:36:05 PM de.gurkenlabs.litiengine.environment.tilemap.xml.TmxMap checkVersion
WARNING: Tiled version 1.4.3 of map "spacebattlesmap" is greater than the supported version 1.2.x. Some features may not work.
Jan 31, 2021 3:38:24 PM de.gurkenlabs.litiengine.environment.tilemap.xml.TmxMap checkVersion
WARNING: Tiled version 1.4.3 of map "spacebattlesmap" is greater than the supported version 1.2.x. Some features may not work.
Jan 31, 2021 3:38:24 PM de.gurkenlabs.litiengine.environment.tilemap.xml.TmxMap checkVersion
WARNING: Tiled version 1.4.3 of map "spacebattlesmap" is greater than the supported version 1.2.x. Some features may not work.
Jan 31, 2021 3:39:09 PM de.gurkenlabs.litiengine.environment.tilemap.xml.TmxMap checkVersion
WARNING: Tiled version 1.4.3 of map "spacebattlesmap" is greater than the supported version 1.2.x. Some features may not work.
Jan 31, 2021 3:39:09 PM de.gurkenlabs.litiengine.environment.tilemap.xml.TmxMap checkVersion
WARNING: Tiled version 1.4.3 of map "spacebattlesmap" is greater than the supported version 1.2.x. Some features may not work.
